<?xml version="1.0" encoding="UTF-8"?>
<testng-results ignored="0" total="3" passed="2" failed="1" skipped="0">
  <reporter-output>
  </reporter-output>
  <suite started-at="2023-07-02T11:49:01 MESZ" name="Suite" finished-at="2023-07-02T11:49:13 MESZ" duration-ms="11980">
    <groups>
    </groups>
    <test started-at="2023-07-02T11:49:01 MESZ" name="Test3" finished-at="2023-07-02T11:49:09 MESZ" duration-ms="7830">
      <class name="de.blange.ShopLoginTest">
        <test-method is-config="true" signature="setup()[pri:0, instance:de.blange.ShopLoginTest@45099dd3]" started-at="2023-07-02T11:49:01 MESZ" name="setup" finished-at="2023-07-02T11:49:03 MESZ" duration-ms="1986" status="PASS">
          <reporter-output>
          </reporter-output>
        </test-method> <!-- setup -->
        <test-method signature="login()[pri:0, instance:de.blange.ShopLoginTest@45099dd3]" started-at="2023-07-02T11:49:03 MESZ" name="login" finished-at="2023-07-02T11:49:09 MESZ" duration-ms="5633" status="PASS">
          <reporter-output>
          </reporter-output>
        </test-method> <!-- login -->
        <test-method is-config="true" signature="tearDown()[pri:0, instance:de.blange.ShopLoginTest@45099dd3]" started-at="2023-07-02T11:49:09 MESZ" name="tearDown" finished-at="2023-07-02T11:49:09 MESZ" duration-ms="61" status="PASS">
          <reporter-output>
          </reporter-output>
        </test-method> <!-- tearDown -->
      </class> <!-- de.blange.ShopLoginTest -->
    </test> <!-- Test3 -->
    <test started-at="2023-07-02T11:49:01 MESZ" name="Test2" finished-at="2023-07-02T11:49:12 MESZ" duration-ms="10497">
      <class name="de.blange.AddRemoveItemBasketTest">
        <test-method is-config="true" signature="setup()[pri:0, instance:de.blange.AddRemoveItemBasketTest@65c7a252]" started-at="2023-07-02T11:49:01 MESZ" name="setup" finished-at="2023-07-02T11:49:03 MESZ" duration-ms="2002" status="PASS">
          <reporter-output>
          </reporter-output>
        </test-method> <!-- setup -->
        <test-method signature="addRemoveItem()[pri:0, instance:de.blange.AddRemoveItemBasketTest@65c7a252]" started-at="2023-07-02T11:49:03 MESZ" name="addRemoveItem" finished-at="2023-07-02T11:49:12 MESZ" duration-ms="8111" status="FAIL">
          <exception class="java.lang.AssertionError">
            <message>
              <![CDATA[The total amount does not match the expected amount. It found $45.24, expected amount: $45.14]]>
            </message>
            <full-stacktrace>
              <![CDATA[java.lang.AssertionError: The total amount does not match the expected amount. It found $45.24, expected amount: $45.14
at org.testng.Assert.fail(Assert.java:99)
at de.blange.AddRemoveItemBasketTest.addRemoveItem(AddRemoveItemBasketTest.java:78)
at java.base/jdk.internal.reflect.NativeMethodAccessorImpl.invoke0(Native Method)
at java.base/jdk.internal.reflect.NativeMethodAccessorImpl.invoke(NativeMethodAccessorImpl.java:77)
at java.base/jdk.internal.reflect.DelegatingMethodAccessorImpl.invoke(DelegatingMethodAccessorImpl.java:43)
at java.base/java.lang.reflect.Method.invoke(Method.java:568)
at org.testng.internal.MethodInvocationHelper.invokeMethod(MethodInvocationHelper.java:133)
at org.testng.internal.TestInvoker.invokeMethod(TestInvoker.java:598)
at org.testng.internal.TestInvoker.invokeTestMethod(TestInvoker.java:173)
at org.testng.internal.MethodRunner.runInSequence(MethodRunner.java:46)
at org.testng.internal.TestInvoker$MethodInvocationAgent.invoke(TestInvoker.java:824)
at org.testng.internal.TestInvoker.invokeTestMethods(TestInvoker.java:146)
at org.testng.internal.TestMethodWorker.invokeTestMethods(TestMethodWorker.java:146)
at org.testng.internal.TestMethodWorker.run(TestMethodWorker.java:128)
at java.base/java.util.ArrayList.forEach(ArrayList.java:1511)
at org.testng.TestRunner.privateRun(TestRunner.java:794)
at org.testng.TestRunner.run(TestRunner.java:596)
at org.testng.SuiteRunner.runTest(SuiteRunner.java:377)
at org.testng.SuiteRunner.access$000(SuiteRunner.java:28)
at org.testng.SuiteRunner$SuiteWorker.run(SuiteRunner.java:418)
at org.testng.internal.thread.ThreadUtil.lambda$execute$0(ThreadUtil.java:64)
at java.base/java.util.concurrent.FutureTask.run(FutureTask.java:264)
at java.base/java.util.concurrent.ThreadPoolExecutor.runWorker(ThreadPoolExecutor.java:1136)
at java.base/java.util.concurrent.ThreadPoolExecutor$Worker.run(ThreadPoolExecutor.java:635)
at java.base/java.lang.Thread.run(Thread.java:833)
]]>
            </full-stacktrace>
          </exception> <!-- java.lang.AssertionError -->
          <reporter-output>
          </reporter-output>
        </test-method> <!-- addRemoveItem -->
        <test-method is-config="true" signature="tearDown()[pri:0, instance:de.blange.AddRemoveItemBasketTest@65c7a252]" started-at="2023-07-02T11:49:12 MESZ" name="tearDown" finished-at="2023-07-02T11:49:12 MESZ" duration-ms="68" status="PASS">
          <reporter-output>
          </reporter-output>
        </test-method> <!-- tearDown -->
      </class> <!-- de.blange.AddRemoveItemBasketTest -->
    </test> <!-- Test2 -->
    <test started-at="2023-07-02T11:49:01 MESZ" name="Test" finished-at="2023-07-02T11:49:13 MESZ" duration-ms="11980">
      <class name="de.blange.OrderCompleteTest">
        <test-method is-config="true" signature="setup()[pri:0, instance:de.blange.OrderCompleteTest@66f57048]" started-at="2023-07-02T11:49:01 MESZ" name="setup" finished-at="2023-07-02T11:49:03 MESZ" duration-ms="1993" status="PASS">
          <reporter-output>
          </reporter-output>
        </test-method> <!-- setup -->
        <test-method signature="endToEndTest()[pri:0, instance:de.blange.OrderCompleteTest@66f57048]" started-at="2023-07-02T11:49:03 MESZ" name="endToEndTest" finished-at="2023-07-02T11:49:13 MESZ" duration-ms="9794" status="PASS">
          <reporter-output>
          </reporter-output>
        </test-method> <!-- endToEndTest -->
        <test-method is-config="true" signature="tearDown()[pri:0, instance:de.blange.OrderCompleteTest@66f57048]" started-at="2023-07-02T11:49:13 MESZ" name="tearDown" finished-at="2023-07-02T11:49:13 MESZ" duration-ms="52" status="PASS">
          <reporter-output>
          </reporter-output>
        </test-method> <!-- tearDown -->
      </class> <!-- de.blange.OrderCompleteTest -->
    </test> <!-- Test -->
  </suite> <!-- Suite -->
</testng-results>
